生成启动时间为 2017/10/22 23:35:23。
     1>项目“G:\作业\计算机图形学\作业要求\作业要求\作业3-0_files\32\Assignment2.files\Pro4-1\Pro4-1\Pro4-1.vcxproj”在节点 2 上(Build 个目标)。
     1>ClCompile:
         G:\VS2013\VC\bin\CL.exe /c /Zi /nologo /W3 /WX- /sdl /O2 /Oi /Oy- /GL /D WIN32 /D NDEBUG /D _CONSOLE /D _LIB /D _CRT_SECURE_NO_WARNINGS /D _UNICODE /D UNICODE /Gm- /EHsc /MD /GS /Gy /fp:precise /Zc:wchar_t /Zc:forScope /Fo"Release\\" /Fd"Release\vc120.pdb" /Gd /TP /analyze- /errorReport:prompt glCanvas.Cpp group.cpp light.Cpp main.cpp OrthographicCamera.cpp perspectivecamera.cpp phongmaterial.cpp plane.cpp raytracer.cpp rayTree.Cpp scene_parser.Cpp Sphere.cpp transform.cpp triangle.cpp
         glCanvas.Cpp
         group.cpp
         light.Cpp
         main.cpp
         OrthographicCamera.cpp
     1>OrthographicCamera.cpp(1): warning C4067: 预处理器指令后有意外标记 - 应输入换行符
         perspectivecamera.cpp
         phongmaterial.cpp
         plane.cpp
         raytracer.cpp
         rayTree.Cpp
     1>rayTree.Cpp(17): warning C4101: “i”: 未引用的局部变量
     1>rayTree.Cpp(30): warning C4101: “i”: 未引用的局部变量
     1>rayTree.Cpp(55): warning C4305: “参数”: 从“double”到“float”截断
     1>rayTree.Cpp(56): warning C4305: “参数”: 从“double”到“float”截断
     1>rayTree.Cpp(57): warning C4305: “参数”: 从“double”到“float”截断
     1>rayTree.Cpp(58): warning C4305: “参数”: 从“double”到“float”截断
     1>rayTree.Cpp(64): warning C4305: “参数”: 从“double”到“float”截断
     1>rayTree.Cpp(65): warning C4305: “参数”: 从“double”到“float”截断
     1>rayTree.Cpp(66): warning C4305: “参数”: 从“double”到“float”截断
         scene_parser.Cpp
         Sphere.cpp
         transform.cpp
         triangle.cpp
       Link:
         G:\VS2013\VC\bin\link.exe /ERRORREPORT:PROMPT /OUT:"G:\作业\计算机图形学\作业要求\作业要求\作业3-0_files\32\Assignment2.files\Pro4-1\Release\Pro4-1.exe" /INCREMENTAL:NO /NOLOGO kernel32.lib user32.lib gdi32.lib winspool.lib comdlg32.lib advapi32.lib shell32.lib ole32.lib oleaut32.lib uuid.lib odbc32.lib odbccp32.lib /MANIFEST /MANIFESTUAC:"level='asInvoker' uiAccess='false'" /manifest:embed /DEBUG /PDB:"G:\作业\计算机图形学\作业要求\作业要求\作业3-0_files\32\Assignment2.files\Pro4-1\Release\Pro4-1.pdb" /SUBSYSTEM:CONSOLE /OPT:REF /OPT:ICF /LTCG /TLBID:1 /DYNAMICBASE /NXCOMPAT /IMPLIB:"G:\作业\计算机图形学\作业要求\作业要求\作业3-0_files\32\Assignment2.files\Pro4-1\Release\Pro4-1.lib" /MACHINE:X86 /SAFESEH Release\glCanvas.obj
         Release\group.obj
         Release\image.obj
         Release\light.obj
         Release\main.obj
         Release\matrix.obj
         Release\OrthographicCamera.obj
         Release\perspectivecamera.obj
         Release\phongmaterial.obj
         Release\plane.obj
         Release\raytracer.obj
         Release\rayTree.obj
         Release\scene_parser.obj
         Release\Sphere.obj
         Release\transform.obj
         Release\triangle.obj
         正在生成代码
     1>g:\作业\计算机图形学\作业要求\作业要求\作业3-0_files\32\assignment2.files\pro4-1\pro4-1\light.h(46): warning C4756: 常量算法中溢出
     1>g:\作业\计算机图形学\作业要求\作业要求\作业3-0_files\32\assignment2.files\pro4-1\pro4-1\light.h(46): warning C4756: 常量算法中溢出
         已完成代码的生成
         Pro4-1.vcxproj -> G:\作业\计算机图形学\作业要求\作业要求\作业3-0_files\32\Assignment2.files\Pro4-1\Release\Pro4-1.exe
     1>已完成生成项目“G:\作业\计算机图形学\作业要求\作业要求\作业3-0_files\32\Assignment2.files\Pro4-1\Pro4-1\Pro4-1.vcxproj”(Build 个目标)的操作。

生成成功。

已用时间 00:00:08.72
